Сборка начата 19.12.2015 23:27:16.
     1>Проект "C:\Users\Владислав\documents\visual studio 2015\Projects\Проект2\Проект2\Проект2.vcxproj" в узле 2 (целевые объекты Build).
     1>ClCompile:
         C:\Program Files (x86)\Microsoft Visual Studio 14.0\VC\bin\CL.exe /c /ZI /nologo /W3 /WX- /sdl /Od /Oy- /D _UNICODE /D UNICODE /Gm /EHsc /RTC1 /MDd /GS /fp:precise /Zc:wchar_t /Zc:forScope /Zc:inline /Fo"Debug\\" /Fd"Debug\vc140.pdb" /Gd /TC /analyze- /errorReport:prompt Source.c
         Source.c
     1>c:\users\владислав\documents\visual studio 2015\projects\проект2\проект2\source.c(36): warning C4047: =: "char" отличается по уровням косвенного обращения от "void *"
     1>c:\users\владислав\documents\visual studio 2015\projects\проект2\проект2\source.c(39): warning C4047: =: "char *" отличается по уровням косвенного обращения от "char (*)[300]"
     1>c:\users\владислав\documents\visual studio 2015\projects\проект2\проект2\source.c(60): warning C4047: функция: "const char *" отличается по уровням косвенного обращения от "char (*)[30]"
     1>c:\users\владислав\documents\visual studio 2015\projects\проект2\проект2\source.c(60): warning C4024: strcpy: различные типы для формального и фактического параметров 2
     1>c:\users\владислав\documents\visual studio 2015\projects\проект2\проект2\source.c(75): warning C4047: функция: "const char *" отличается по уровням косвенного обращения от "char (*)[30]"
     1>c:\users\владислав\documents\visual studio 2015\projects\проект2\проект2\source.c(75): warning C4024: strcpy: различные типы для формального и фактического параметров 2
     1>c:\users\владислав\documents\visual studio 2015\projects\проект2\проект2\source.c(50): warning C4101: token: неиспользованная локальная переменная
     1>c:\users\владислав\documents\visual studio 2015\projects\проект2\проект2\source.c(110): warning C4018: <: несоответствие типов со знаком и без знака
     1>c:\users\владислав\documents\visual studio 2015\projects\проект2\проект2\source.c(149): warning C4018: <: несоответствие типов со знаком и без знака
     1>c:\users\владислав\documents\visual studio 2015\projects\проект2\проект2\source.c(152): warning C4018: <: несоответствие типов со знаком и без знака
     1>c:\users\владислав\documents\visual studio 2015\projects\проект2\проект2\source.c(101): warning C4172: возвращение адреса локальной или временной переменной : tokenType
     1>c:\users\владислав\documents\visual studio 2015\projects\проект2\проект2\source.c(107): warning C4172: возвращение адреса локальной или временной переменной : tokenType
     1>c:\users\владислав\documents\visual studio 2015\projects\проект2\проект2\source.c(165): warning C4172: возвращение адреса локальной или временной переменной : newString
       Link:
         C:\Program Files (x86)\Microsoft Visual Studio 14.0\VC\bin\link.exe /ERRORREPORT:PROMPT /OUT:"C:\Users\Владислав\documents\visual studio 2015\Projects\Проект2\Debug\Проект2.exe" /INCREMENTAL /NOLOGO kernel32.lib user32.lib gdi32.lib winspool.lib comdlg32.lib advapi32.lib shell32.lib ole32.lib oleaut32.lib uuid.lib odbc32.lib odbccp32.lib /MANIFEST /MANIFESTUAC:"level='asInvoker' uiAccess='false'" /manifest:embed /Debug /PDB:"C:\Users\Владислав\documents\visual studio 2015\Projects\Проект2\Debug\Проект2.pdb" /TLBID:1 /DYNAMICBASE /NXCOMPAT /IMPLIB:"C:\Users\Владислав\documents\visual studio 2015\Projects\Проект2\Debug\Проект2.lib" /MACHINE:X86 Debug\Source.obj
         Проект2.vcxproj -> C:\Users\Владислав\documents\visual studio 2015\Projects\Проект2\Debug\Проект2.exe
     1>Сборка проекта "C:\Users\Владислав\documents\visual studio 2015\Projects\Проект2\Проект2\Проект2.vcxproj" завершена (целевые объекты Build).

Сборка успешно завершена.

Затраченное время: 00:00:00.48
